Determining if the Q_WS_WIN exist failed with the following output:
Change Dir: /home/imanol/workspace/drobot/build/CMakeFiles/CMakeTmp

Run Build Command:/usr/bin/make "cmTryCompileExec882903483/fast"
/usr/bin/make -f CMakeFiles/cmTryCompileExec882903483.dir/build.make CMakeFiles/cmTryCompileExec882903483.dir/build
make[1]: Entering directory `/home/imanol/workspace/drobot/build/CMakeFiles/CMakeTmp'
/usr/bin/cmake -E cmake_progress_report /home/imanol/workspace/drobot/build/CMakeFiles/CMakeTmp/CMakeFiles 1
Building CXX object CMakeFiles/cmTryCompileExec882903483.dir/CheckSymbolExists.cxx.o
/usr/bin/c++    -O0 -ggdb -fpermissive   -I/usr/include/qt4    -o CMakeFiles/cmTryCompileExec882903483.dir/CheckSymbolExists.cxx.o -c /home/imanol/workspace/drobot/build/CMakeFiles/CMakeTmp/CheckSymbolExists.cxx
/home/imanol/workspace/drobot/build/CMakeFiles/CMakeTmp/CheckSymbolExists.cxx: In function ‘int main(int, char**)’:
/home/imanol/workspace/drobot/build/CMakeFiles/CMakeTmp/CheckSymbolExists.cxx:8:19: error: ‘Q_WS_WIN’ was not declared in this scope
make[1]: *** [CMakeFiles/cmTryCompileExec882903483.dir/CheckSymbolExists.cxx.o] Error 1
make[1]: Leaving directory `/home/imanol/workspace/drobot/build/CMakeFiles/CMakeTmp'
make: *** [cmTryCompileExec882903483/fast] Error 2

File /home/imanol/workspace/drobot/build/CMakeFiles/CMakeTmp/CheckSymbolExists.cxx:
/* */
#include <QtCore/qglobal.h>

int main(int argc, char** argv)
{
  (void)argv;
#ifndef Q_WS_WIN
  return ((int*)(&Q_WS_WIN))[argc];
#else
  (void)argc;
  return 0;
#endif
}

Determining if the Q_WS_QWS exist failed with the following output:
Change Dir: /home/imanol/workspace/drobot/build/CMakeFiles/CMakeTmp

Run Build Command:/usr/bin/make "cmTryCompileExec4106913123/fast"
/usr/bin/make -f CMakeFiles/cmTryCompileExec4106913123.dir/build.make CMakeFiles/cmTryCompileExec4106913123.dir/build
make[1]: Entering directory `/home/imanol/workspace/drobot/build/CMakeFiles/CMakeTmp'
/usr/bin/cmake -E cmake_progress_report /home/imanol/workspace/drobot/build/CMakeFiles/CMakeTmp/CMakeFiles 1
Building CXX object CMakeFiles/cmTryCompileExec4106913123.dir/CheckSymbolExists.cxx.o
/usr/bin/c++    -O0 -ggdb -fpermissive   -I/usr/include/qt4    -o CMakeFiles/cmTryCompileExec4106913123.dir/CheckSymbolExists.cxx.o -c /home/imanol/workspace/drobot/build/CMakeFiles/CMakeTmp/CheckSymbolExists.cxx
/home/imanol/workspace/drobot/build/CMakeFiles/CMakeTmp/CheckSymbolExists.cxx: In function ‘int main(int, char**)’:
/home/imanol/workspace/drobot/build/CMakeFiles/CMakeTmp/CheckSymbolExists.cxx:8:19: error: ‘Q_WS_QWS’ was not declared in this scope
make[1]: *** [CMakeFiles/cmTryCompileExec4106913123.dir/CheckSymbolExists.cxx.o] Error 1
make[1]: Leaving directory `/home/imanol/workspace/drobot/build/CMakeFiles/CMakeTmp'
make: *** [cmTryCompileExec4106913123/fast] Error 2

File /home/imanol/workspace/drobot/build/CMakeFiles/CMakeTmp/CheckSymbolExists.cxx:
/* */
#include <QtCore/qglobal.h>

int main(int argc, char** argv)
{
  (void)argv;
#ifndef Q_WS_QWS
  return ((int*)(&Q_WS_QWS))[argc];
#else
  (void)argc;
  return 0;
#endif
}

Determining if the Q_WS_MAC exist failed with the following output:
Change Dir: /home/imanol/workspace/drobot/build/CMakeFiles/CMakeTmp

Run Build Command:/usr/bin/make "cmTryCompileExec2561258472/fast"
/usr/bin/make -f CMakeFiles/cmTryCompileExec2561258472.dir/build.make CMakeFiles/cmTryCompileExec2561258472.dir/build
make[1]: Entering directory `/home/imanol/workspace/drobot/build/CMakeFiles/CMakeTmp'
/usr/bin/cmake -E cmake_progress_report /home/imanol/workspace/drobot/build/CMakeFiles/CMakeTmp/CMakeFiles 1
Building CXX object CMakeFiles/cmTryCompileExec2561258472.dir/CheckSymbolExists.cxx.o
/usr/bin/c++    -O0 -ggdb -fpermissive   -I/usr/include/qt4    -o CMakeFiles/cmTryCompileExec2561258472.dir/CheckSymbolExists.cxx.o -c /home/imanol/workspace/drobot/build/CMakeFiles/CMakeTmp/CheckSymbolExists.cxx
/home/imanol/workspace/drobot/build/CMakeFiles/CMakeTmp/CheckSymbolExists.cxx: In function ‘int main(int, char**)’:
/home/imanol/workspace/drobot/build/CMakeFiles/CMakeTmp/CheckSymbolExists.cxx:8:19: error: ‘Q_WS_MAC’ was not declared in this scope
make[1]: *** [CMakeFiles/cmTryCompileExec2561258472.dir/CheckSymbolExists.cxx.o] Error 1
make[1]: Leaving directory `/home/imanol/workspace/drobot/build/CMakeFiles/CMakeTmp'
make: *** [cmTryCompileExec2561258472/fast] Error 2

File /home/imanol/workspace/drobot/build/CMakeFiles/CMakeTmp/CheckSymbolExists.cxx:
/* */
#include <QtCore/qglobal.h>

int main(int argc, char** argv)
{
  (void)argv;
#ifndef Q_WS_MAC
  return ((int*)(&Q_WS_MAC))[argc];
#else
  (void)argc;
  return 0;
#endif
}

